 
****************************************
Report : power
        -analysis_effort low
Design : comb_multiplier
Version: S-2021.06-SP2
Date   : Sat Jul 11 23:11:41 2026
****************************************


Library(s) Used:

    saed32rvt_tt1p05v25c (File: /pdk/SAED32_EDK/lib/stdcell_rvt/db_nldm/saed32rvt_tt1p05v25c.db)


Operating Conditions: tt1p05v25c   Library: saed32rvt_tt1p05v25c
Wire Load Model Mode: enclosed

Design        Wire Load Model            Library
------------------------------------------------
comb_multiplier        8000              saed32rvt_tt1p05v25c


Global Operating Voltage = 1.05 
Power-specific unit information :
    Voltage Units = 1V
    Capacitance Units = 1.000000ff
    Time Units = 1ns
    Dynamic Power Units = 1uW    (derived from V,C,T units)
    Leakage Power Units = 1pW


  Cell Internal Power  = 367.6473 uW   (83%)
  Net Switching Power  =  76.9534 uW   (17%)
                         ---------
Total Dynamic Power    = 444.6008 uW  (100%)

Cell Leakage Power     = 687.5036 uW


                 Internal         Switching           Leakage            Total
Power Group      Power            Power               Power              Power   (   %    )  Attrs
--------------------------------------------------------------------------------------------------
io_pad             0.0000            0.0000            0.0000            0.0000  (   0.00%)
memory             0.0000            0.0000            0.0000            0.0000  (   0.00%)
black_box          0.0000            0.0000            0.0000            0.0000  (   0.00%)
clock_network      0.0000            0.0000            0.0000            0.0000  (   0.00%)
register         120.0592        4.5952e-03        6.5943e+07          186.0065  (  16.43%)
sequential         0.0000            0.0000            0.0000            0.0000  (   0.00%)
combinational    247.5881           76.9488        6.2156e+08          946.0973  (  83.57%)
--------------------------------------------------------------------------------------------------
Total            367.6473 uW        76.9534 uW     6.8750e+08 pW     1.1321e+03 uW
1
