 
****************************************
Report : area
Design : comb_multiplier
Version: S-2021.06-SP2
Date   : Sat Jul 11 23:11:41 2026
****************************************

Information: Updating design information... (UID-85)
Library(s) Used:

    saed32rvt_tt1p05v25c (File: /pdk/SAED32_EDK/lib/stdcell_rvt/db_nldm/saed32rvt_tt1p05v25c.db)

Number of ports:                          130
Number of nets:                          2753
Number of cells:                         2321
Number of combinational cells:           2257
Number of sequential cells:                64
Number of macros/black boxes:               0
Number of buf/inv:                        333
Number of references:                      28

Combinational area:               6076.583019
Buf/Inv area:                      493.039370
Noncombinational area:             455.426056
Macro/Black Box area:                0.000000
Net Interconnect area:            1789.281849

Total cell area:                  6532.009075
Total area:                       8321.290923
1
