 
****************************************
Report : timing
        -path full
        -delay max
        -max_paths 10
Design : comb_multiplier
Version: S-2021.06-SP2
Date   : Sat Jul 11 23:11:41 2026
****************************************

Operating Conditions: tt1p05v25c   Library: saed32rvt_tt1p05v25c
Wire Load Model Mode: enclosed

  Startpoint: A[2] (input port clocked by clk)
  Endpoint: P_reg[63] (rising edge-triggered flip-flop clocked by clk)
  Path Group: clk
  Path Type: max

  Des/Clust/Port     Wire Load Model       Library
  ------------------------------------------------
  comb_multiplier    8000                  saed32rvt_tt1p05v25c

  Point                                    Incr       Path
  -----------------------------------------------------------
  clock clk (rise edge)                    0.00       0.00
  clock network delay (ideal)              0.00       0.00
  input external delay                     1.00       1.00 f
  A[2] (in)                                0.00       1.00 f
  U77/Y (INVX0_RVT)                        0.26       1.26 r
  U222/Y (NBUFFX2_RVT)                     0.09       1.35 r
  U223/Y (NBUFFX2_RVT)                     0.08       1.44 r
  U1803/Y (AO22X1_RVT)                     0.06       1.50 r
  U1804/Y (NAND2X0_RVT)                    0.13       1.63 f
  U1805/Y (NBUFFX2_RVT)                    0.14       1.77 f
  U1877/Y (OA222X1_RVT)                    0.11       1.88 f
  U1878/Y (NAND2X0_RVT)                    0.05       1.93 r
  U1879/Y (OA21X1_RVT)                     0.06       1.99 r
  U1881/SO (HADDX1_RVT)                    0.10       2.09 f
  U1883/Y (NAND2X0_RVT)                    0.04       2.13 r
  U1884/Y (OA21X1_RVT)                     0.06       2.19 r
  intadd_1/U31/CO (FADDX1_RVT)             0.10       2.29 r
  intadd_1/U30/CO (FADDX1_RVT)             0.09       2.38 r
  intadd_1/U29/CO (FADDX1_RVT)             0.09       2.46 r
  intadd_1/U28/CO (FADDX1_RVT)             0.09       2.55 r
  intadd_1/U27/CO (FADDX1_RVT)             0.09       2.64 r
  intadd_1/U26/CO (FADDX1_RVT)             0.09       2.73 r
  intadd_1/U25/CO (FADDX1_RVT)             0.09       2.81 r
  intadd_1/U24/CO (FADDX1_RVT)             0.09       2.90 r
  intadd_1/U23/CO (FADDX1_RVT)             0.09       2.99 r
  intadd_1/U22/CO (FADDX1_RVT)             0.09       3.08 r
  intadd_1/U21/CO (FADDX1_RVT)             0.09       3.17 r
  intadd_1/U20/CO (FADDX1_RVT)             0.09       3.25 r
  intadd_1/U19/CO (FADDX1_RVT)             0.09       3.34 r
  intadd_1/U18/CO (FADDX1_RVT)             0.09       3.43 r
  intadd_1/U17/CO (FADDX1_RVT)             0.09       3.52 r
  intadd_1/U16/CO (FADDX1_RVT)             0.09       3.60 r
  intadd_1/U15/CO (FADDX1_RVT)             0.09       3.69 r
  intadd_1/U14/CO (FADDX1_RVT)             0.09       3.78 r
  intadd_1/U13/CO (FADDX1_RVT)             0.09       3.87 r
  intadd_1/U12/CO (FADDX1_RVT)             0.09       3.96 r
  intadd_1/U11/CO (FADDX1_RVT)             0.09       4.04 r
  intadd_1/U10/CO (FADDX1_RVT)             0.09       4.13 r
  intadd_1/U9/CO (FADDX1_RVT)              0.09       4.22 r
  intadd_1/U8/CO (FADDX1_RVT)              0.09       4.31 r
  intadd_1/U7/CO (FADDX1_RVT)              0.09       4.39 r
  intadd_1/U6/CO (FADDX1_RVT)              0.09       4.48 r
  intadd_1/U5/CO (FADDX1_RVT)              0.09       4.57 r
  intadd_1/U4/CO (FADDX1_RVT)              0.09       4.66 r
  intadd_1/U3/CO (FADDX1_RVT)              0.09       4.75 r
  intadd_1/U2/CO (FADDX1_RVT)              0.08       4.83 r
  U173/Y (INVX0_RVT)                       0.04       4.86 f
  intadd_13/U7/CO (FADDX1_RVT)             0.09       4.95 f
  intadd_13/U6/CO (FADDX1_RVT)             0.08       5.03 f
  intadd_13/U5/CO (FADDX1_RVT)             0.08       5.11 f
  intadd_13/U4/CO (FADDX1_RVT)             0.08       5.19 f
  intadd_13/U3/CO (FADDX1_RVT)             0.08       5.27 f
  intadd_13/U2/CO (FADDX1_RVT)             0.07       5.34 f
  U112/Y (INVX0_RVT)                       0.03       5.38 r
  U1969/CO (FADDX1_RVT)                    0.11       5.48 r
  intadd_0/U12/CO (FADDX1_RVT)             0.10       5.58 r
  intadd_0/U11/CO (FADDX1_RVT)             0.09       5.67 r
  intadd_0/U10/CO (FADDX1_RVT)             0.09       5.76 r
  intadd_0/U9/CO (FADDX1_RVT)              0.09       5.85 r
  intadd_0/U8/CO (FADDX1_RVT)              0.09       5.94 r
  intadd_0/U7/CO (FADDX1_RVT)              0.09       6.02 r
  intadd_0/U6/CO (FADDX1_RVT)              0.09       6.11 r
  intadd_0/U5/CO (FADDX1_RVT)              0.09       6.20 r
  intadd_0/U4/CO (FADDX1_RVT)              0.09       6.29 r
  intadd_0/U3/CO (FADDX1_RVT)              0.09       6.37 r
  intadd_0/U2/CO (FADDX1_RVT)              0.08       6.46 r
  U1967/Y (INVX0_RVT)                      0.04       6.49 f
  U1968/CO (FADDX1_RVT)                    0.09       6.58 f
  intadd_14/U2/CO (FADDX1_RVT)             0.08       6.67 f
  U171/Y (INVX0_RVT)                       0.03       6.70 r
  intadd_11/U7/CO (FADDX1_RVT)             0.10       6.80 r
  intadd_11/U6/CO (FADDX1_RVT)             0.09       6.89 r
  intadd_11/U5/CO (FADDX1_RVT)             0.09       6.98 r
  intadd_11/U4/CO (FADDX1_RVT)             0.09       7.06 r
  intadd_11/U3/CO (FADDX1_RVT)             0.09       7.15 r
  intadd_11/U2/CO (FADDX1_RVT)             0.08       7.23 r
  U170/Y (INVX0_RVT)                       0.04       7.27 f
  intadd_31/U3/CO (FADDX1_RVT)             0.09       7.36 f
  intadd_31/U2/CO (FADDX1_RVT)             0.09       7.45 f
  U1976/Y (INVX0_RVT)                      0.03       7.48 r
  U1977/Y (NAND2X0_RVT)                    0.03       7.51 f
  U1979/Y (OAI22X1_RVT)                    0.07       7.58 r
  U1980/SO (HADDX1_RVT)                    0.08       7.66 f
  P_reg[63]/D (DFFARX1_RVT)                0.01       7.67 f
  data arrival time                                   7.67

  clock clk (rise edge)                   10.00      10.00
  clock network delay (ideal)              0.00      10.00
  P_reg[63]/CLK (DFFARX1_RVT)              0.00      10.00 r
  library setup time                      -0.03       9.97
  data required time                                  9.97
  -----------------------------------------------------------
  data required time                                  9.97
  data arrival time                                  -7.67
  -----------------------------------------------------------
  slack (MET)                                         2.30


  Startpoint: A[2] (input port clocked by clk)
  Endpoint: P_reg[62] (rising edge-triggered flip-flop clocked by clk)
  Path Group: clk
  Path Type: max

  Des/Clust/Port     Wire Load Model       Library
  ------------------------------------------------
  comb_multiplier    8000                  saed32rvt_tt1p05v25c

  Point                                    Incr       Path
  -----------------------------------------------------------
  clock clk (rise edge)                    0.00       0.00
  clock network delay (ideal)              0.00       0.00
  input external delay                     1.00       1.00 f
  A[2] (in)                                0.00       1.00 f
  U77/Y (INVX0_RVT)                        0.26       1.26 r
  U222/Y (NBUFFX2_RVT)                     0.09       1.35 r
  U223/Y (NBUFFX2_RVT)                     0.08       1.44 r
  U1803/Y (AO22X1_RVT)                     0.06       1.50 r
  U1804/Y (NAND2X0_RVT)                    0.13       1.63 f
  U1805/Y (NBUFFX2_RVT)                    0.14       1.77 f
  U1877/Y (OA222X1_RVT)                    0.11       1.88 f
  U1878/Y (NAND2X0_RVT)                    0.05       1.93 r
  U1879/Y (OA21X1_RVT)                     0.06       1.99 r
  U1881/SO (HADDX1_RVT)                    0.10       2.09 f
  U1883/Y (NAND2X0_RVT)                    0.04       2.13 r
  U1884/Y (OA21X1_RVT)                     0.06       2.19 r
  intadd_1/U31/CO (FADDX1_RVT)             0.10       2.29 r
  intadd_1/U30/CO (FADDX1_RVT)             0.09       2.38 r
  intadd_1/U29/CO (FADDX1_RVT)             0.09       2.46 r
  intadd_1/U28/CO (FADDX1_RVT)             0.09       2.55 r
  intadd_1/U27/CO (FADDX1_RVT)             0.09       2.64 r
  intadd_1/U26/CO (FADDX1_RVT)             0.09       2.73 r
  intadd_1/U25/CO (FADDX1_RVT)             0.09       2.81 r
  intadd_1/U24/CO (FADDX1_RVT)             0.09       2.90 r
  intadd_1/U23/CO (FADDX1_RVT)             0.09       2.99 r
  intadd_1/U22/CO (FADDX1_RVT)             0.09       3.08 r
  intadd_1/U21/CO (FADDX1_RVT)             0.09       3.17 r
  intadd_1/U20/CO (FADDX1_RVT)             0.09       3.25 r
  intadd_1/U19/CO (FADDX1_RVT)             0.09       3.34 r
  intadd_1/U18/CO (FADDX1_RVT)             0.09       3.43 r
  intadd_1/U17/CO (FADDX1_RVT)             0.09       3.52 r
  intadd_1/U16/CO (FADDX1_RVT)             0.09       3.60 r
  intadd_1/U15/CO (FADDX1_RVT)             0.09       3.69 r
  intadd_1/U14/CO (FADDX1_RVT)             0.09       3.78 r
  intadd_1/U13/CO (FADDX1_RVT)             0.09       3.87 r
  intadd_1/U12/CO (FADDX1_RVT)             0.09       3.96 r
  intadd_1/U11/CO (FADDX1_RVT)             0.09       4.04 r
  intadd_1/U10/CO (FADDX1_RVT)             0.09       4.13 r
  intadd_1/U9/CO (FADDX1_RVT)              0.09       4.22 r
  intadd_1/U8/CO (FADDX1_RVT)              0.09       4.31 r
  intadd_1/U7/CO (FADDX1_RVT)              0.09       4.39 r
  intadd_1/U6/CO (FADDX1_RVT)              0.09       4.48 r
  intadd_1/U5/CO (FADDX1_RVT)              0.09       4.57 r
  intadd_1/U4/CO (FADDX1_RVT)              0.09       4.66 r
  intadd_1/U3/CO (FADDX1_RVT)              0.09       4.75 r
  intadd_1/U2/CO (FADDX1_RVT)              0.08       4.83 r
  U173/Y (INVX0_RVT)                       0.04       4.86 f
  intadd_13/U7/CO (FADDX1_RVT)             0.09       4.95 f
  intadd_13/U6/CO (FADDX1_RVT)             0.08       5.03 f
  intadd_13/U5/CO (FADDX1_RVT)             0.08       5.11 f
  intadd_13/U4/CO (FADDX1_RVT)             0.08       5.19 f
  intadd_13/U3/CO (FADDX1_RVT)             0.08       5.27 f
  intadd_13/U2/CO (FADDX1_RVT)             0.07       5.34 f
  U112/Y (INVX0_RVT)                       0.03       5.38 r
  U1969/CO (FADDX1_RVT)                    0.11       5.48 r
  intadd_0/U12/CO (FADDX1_RVT)             0.10       5.58 r
  intadd_0/U11/CO (FADDX1_RVT)             0.09       5.67 r
  intadd_0/U10/CO (FADDX1_RVT)             0.09       5.76 r
  intadd_0/U9/CO (FADDX1_RVT)              0.09       5.85 r
  intadd_0/U8/CO (FADDX1_RVT)              0.09       5.94 r
  intadd_0/U7/CO (FADDX1_RVT)              0.09       6.02 r
  intadd_0/U6/CO (FADDX1_RVT)              0.09       6.11 r
  intadd_0/U5/CO (FADDX1_RVT)              0.09       6.20 r
  intadd_0/U4/CO (FADDX1_RVT)              0.09       6.29 r
  intadd_0/U3/CO (FADDX1_RVT)              0.09       6.37 r
  intadd_0/U2/CO (FADDX1_RVT)              0.08       6.46 r
  U1967/Y (INVX0_RVT)                      0.04       6.49 f
  U1968/CO (FADDX1_RVT)                    0.09       6.58 f
  intadd_14/U2/CO (FADDX1_RVT)             0.08       6.67 f
  U171/Y (INVX0_RVT)                       0.03       6.70 r
  intadd_11/U7/CO (FADDX1_RVT)             0.10       6.80 r
  intadd_11/U6/CO (FADDX1_RVT)             0.09       6.89 r
  intadd_11/U5/CO (FADDX1_RVT)             0.09       6.98 r
  intadd_11/U4/CO (FADDX1_RVT)             0.09       7.06 r
  intadd_11/U3/CO (FADDX1_RVT)             0.09       7.15 r
  intadd_11/U2/CO (FADDX1_RVT)             0.08       7.23 r
  U170/Y (INVX0_RVT)                       0.04       7.27 f
  intadd_31/U3/CO (FADDX1_RVT)             0.09       7.36 f
  intadd_31/U2/CO (FADDX1_RVT)             0.09       7.45 f
  U1965/S (FADDX1_RVT)                     0.13       7.58 r
  P_reg[62]/D (DFFARX1_RVT)                0.01       7.59 r
  data arrival time                                   7.59

  clock clk (rise edge)                   10.00      10.00
  clock network delay (ideal)              0.00      10.00
  P_reg[62]/CLK (DFFARX1_RVT)              0.00      10.00 r
  library setup time                      -0.05       9.95
  data required time                                  9.95
  -----------------------------------------------------------
  data required time                                  9.95
  data arrival time                                  -7.59
  -----------------------------------------------------------
  slack (MET)                                         2.36


  Startpoint: A[2] (input port clocked by clk)
  Endpoint: P_reg[61] (rising edge-triggered flip-flop clocked by clk)
  Path Group: clk
  Path Type: max

  Des/Clust/Port     Wire Load Model       Library
  ------------------------------------------------
  comb_multiplier    8000                  saed32rvt_tt1p05v25c

  Point                                    Incr       Path
  -----------------------------------------------------------
  clock clk (rise edge)                    0.00       0.00
  clock network delay (ideal)              0.00       0.00
  input external delay                     1.00       1.00 f
  A[2] (in)                                0.00       1.00 f
  U77/Y (INVX0_RVT)                        0.26       1.26 r
  U222/Y (NBUFFX2_RVT)                     0.09       1.35 r
  U223/Y (NBUFFX2_RVT)                     0.08       1.44 r
  U1803/Y (AO22X1_RVT)                     0.06       1.50 r
  U1804/Y (NAND2X0_RVT)                    0.13       1.63 f
  U1805/Y (NBUFFX2_RVT)                    0.14       1.77 f
  U1877/Y (OA222X1_RVT)                    0.11       1.88 f
  U1878/Y (NAND2X0_RVT)                    0.05       1.93 r
  U1879/Y (OA21X1_RVT)                     0.06       1.99 r
  U1881/SO (HADDX1_RVT)                    0.10       2.09 f
  U1883/Y (NAND2X0_RVT)                    0.04       2.13 r
  U1884/Y (OA21X1_RVT)                     0.06       2.19 r
  intadd_1/U31/CO (FADDX1_RVT)             0.10       2.29 r
  intadd_1/U30/CO (FADDX1_RVT)             0.09       2.38 r
  intadd_1/U29/CO (FADDX1_RVT)             0.09       2.46 r
  intadd_1/U28/CO (FADDX1_RVT)             0.09       2.55 r
  intadd_1/U27/CO (FADDX1_RVT)             0.09       2.64 r
  intadd_1/U26/CO (FADDX1_RVT)             0.09       2.73 r
  intadd_1/U25/CO (FADDX1_RVT)             0.09       2.81 r
  intadd_1/U24/CO (FADDX1_RVT)             0.09       2.90 r
  intadd_1/U23/CO (FADDX1_RVT)             0.09       2.99 r
  intadd_1/U22/CO (FADDX1_RVT)             0.09       3.08 r
  intadd_1/U21/CO (FADDX1_RVT)             0.09       3.17 r
  intadd_1/U20/CO (FADDX1_RVT)             0.09       3.25 r
  intadd_1/U19/CO (FADDX1_RVT)             0.09       3.34 r
  intadd_1/U18/CO (FADDX1_RVT)             0.09       3.43 r
  intadd_1/U17/CO (FADDX1_RVT)             0.09       3.52 r
  intadd_1/U16/CO (FADDX1_RVT)             0.09       3.60 r
  intadd_1/U15/CO (FADDX1_RVT)             0.09       3.69 r
  intadd_1/U14/CO (FADDX1_RVT)             0.09       3.78 r
  intadd_1/U13/CO (FADDX1_RVT)             0.09       3.87 r
  intadd_1/U12/CO (FADDX1_RVT)             0.09       3.96 r
  intadd_1/U11/CO (FADDX1_RVT)             0.09       4.04 r
  intadd_1/U10/CO (FADDX1_RVT)             0.09       4.13 r
  intadd_1/U9/CO (FADDX1_RVT)              0.09       4.22 r
  intadd_1/U8/CO (FADDX1_RVT)              0.09       4.31 r
  intadd_1/U7/CO (FADDX1_RVT)              0.09       4.39 r
  intadd_1/U6/CO (FADDX1_RVT)              0.09       4.48 r
  intadd_1/U5/CO (FADDX1_RVT)              0.09       4.57 r
  intadd_1/U4/CO (FADDX1_RVT)              0.09       4.66 r
  intadd_1/U3/CO (FADDX1_RVT)              0.09       4.75 r
  intadd_1/U2/CO (FADDX1_RVT)              0.08       4.83 r
  U173/Y (INVX0_RVT)                       0.04       4.86 f
  intadd_13/U7/CO (FADDX1_RVT)             0.09       4.95 f
  intadd_13/U6/CO (FADDX1_RVT)             0.08       5.03 f
  intadd_13/U5/CO (FADDX1_RVT)             0.08       5.11 f
  intadd_13/U4/CO (FADDX1_RVT)             0.08       5.19 f
  intadd_13/U3/CO (FADDX1_RVT)             0.08       5.27 f
  intadd_13/U2/CO (FADDX1_RVT)             0.07       5.34 f
  U112/Y (INVX0_RVT)                       0.03       5.38 r
  U1969/CO (FADDX1_RVT)                    0.11       5.48 r
  intadd_0/U12/CO (FADDX1_RVT)             0.10       5.58 r
  intadd_0/U11/CO (FADDX1_RVT)             0.09       5.67 r
  intadd_0/U10/CO (FADDX1_RVT)             0.09       5.76 r
  intadd_0/U9/CO (FADDX1_RVT)              0.09       5.85 r
  intadd_0/U8/CO (FADDX1_RVT)              0.09       5.94 r
  intadd_0/U7/CO (FADDX1_RVT)              0.09       6.02 r
  intadd_0/U6/CO (FADDX1_RVT)              0.09       6.11 r
  intadd_0/U5/CO (FADDX1_RVT)              0.09       6.20 r
  intadd_0/U4/CO (FADDX1_RVT)              0.09       6.29 r
  intadd_0/U3/CO (FADDX1_RVT)              0.09       6.37 r
  intadd_0/U2/CO (FADDX1_RVT)              0.08       6.46 r
  U1967/Y (INVX0_RVT)                      0.04       6.49 f
  U1968/CO (FADDX1_RVT)                    0.09       6.58 f
  intadd_14/U2/CO (FADDX1_RVT)             0.08       6.67 f
  U171/Y (INVX0_RVT)                       0.03       6.70 r
  intadd_11/U7/CO (FADDX1_RVT)             0.10       6.80 r
  intadd_11/U6/CO (FADDX1_RVT)             0.09       6.89 r
  intadd_11/U5/CO (FADDX1_RVT)             0.09       6.98 r
  intadd_11/U4/CO (FADDX1_RVT)             0.09       7.06 r
  intadd_11/U3/CO (FADDX1_RVT)             0.09       7.15 r
  intadd_11/U2/CO (FADDX1_RVT)             0.08       7.23 r
  U170/Y (INVX0_RVT)                       0.04       7.27 f
  intadd_31/U3/CO (FADDX1_RVT)             0.09       7.36 f
  intadd_31/U2/S (FADDX1_RVT)              0.11       7.47 r
  P_reg[61]/D (DFFARX1_RVT)                0.01       7.48 r
  data arrival time                                   7.48

  clock clk (rise edge)                   10.00      10.00
  clock network delay (ideal)              0.00      10.00
  P_reg[61]/CLK (DFFARX1_RVT)              0.00      10.00 r
  library setup time                      -0.05       9.95
  data required time                                  9.95
  -----------------------------------------------------------
  data required time                                  9.95
  data arrival time                                  -7.48
  -----------------------------------------------------------
  slack (MET)                                         2.47


  Startpoint: A[2] (input port clocked by clk)
  Endpoint: P_reg[60] (rising edge-triggered flip-flop clocked by clk)
  Path Group: clk
  Path Type: max

  Des/Clust/Port     Wire Load Model       Library
  ------------------------------------------------
  comb_multiplier    8000                  saed32rvt_tt1p05v25c

  Point                                    Incr       Path
  -----------------------------------------------------------
  clock clk (rise edge)                    0.00       0.00
  clock network delay (ideal)              0.00       0.00
  input external delay                     1.00       1.00 f
  A[2] (in)                                0.00       1.00 f
  U77/Y (INVX0_RVT)                        0.26       1.26 r
  U222/Y (NBUFFX2_RVT)                     0.09       1.35 r
  U223/Y (NBUFFX2_RVT)                     0.08       1.44 r
  U1803/Y (AO22X1_RVT)                     0.06       1.50 r
  U1804/Y (NAND2X0_RVT)                    0.13       1.63 f
  U1805/Y (NBUFFX2_RVT)                    0.14       1.77 f
  U1877/Y (OA222X1_RVT)                    0.11       1.88 f
  U1878/Y (NAND2X0_RVT)                    0.05       1.93 r
  U1879/Y (OA21X1_RVT)                     0.06       1.99 r
  U1881/SO (HADDX1_RVT)                    0.10       2.09 f
  U1883/Y (NAND2X0_RVT)                    0.04       2.13 r
  U1884/Y (OA21X1_RVT)                     0.06       2.19 r
  intadd_1/U31/CO (FADDX1_RVT)             0.10       2.29 r
  intadd_1/U30/CO (FADDX1_RVT)             0.09       2.38 r
  intadd_1/U29/CO (FADDX1_RVT)             0.09       2.46 r
  intadd_1/U28/CO (FADDX1_RVT)             0.09       2.55 r
  intadd_1/U27/CO (FADDX1_RVT)             0.09       2.64 r
  intadd_1/U26/CO (FADDX1_RVT)             0.09       2.73 r
  intadd_1/U25/CO (FADDX1_RVT)             0.09       2.81 r
  intadd_1/U24/CO (FADDX1_RVT)             0.09       2.90 r
  intadd_1/U23/CO (FADDX1_RVT)             0.09       2.99 r
  intadd_1/U22/CO (FADDX1_RVT)             0.09       3.08 r
  intadd_1/U21/CO (FADDX1_RVT)             0.09       3.17 r
  intadd_1/U20/CO (FADDX1_RVT)             0.09       3.25 r
  intadd_1/U19/CO (FADDX1_RVT)             0.09       3.34 r
  intadd_1/U18/CO (FADDX1_RVT)             0.09       3.43 r
  intadd_1/U17/CO (FADDX1_RVT)             0.09       3.52 r
  intadd_1/U16/CO (FADDX1_RVT)             0.09       3.60 r
  intadd_1/U15/CO (FADDX1_RVT)             0.09       3.69 r
  intadd_1/U14/CO (FADDX1_RVT)             0.09       3.78 r
  intadd_1/U13/CO (FADDX1_RVT)             0.09       3.87 r
  intadd_1/U12/CO (FADDX1_RVT)             0.09       3.96 r
  intadd_1/U11/CO (FADDX1_RVT)             0.09       4.04 r
  intadd_1/U10/CO (FADDX1_RVT)             0.09       4.13 r
  intadd_1/U9/CO (FADDX1_RVT)              0.09       4.22 r
  intadd_1/U8/CO (FADDX1_RVT)              0.09       4.31 r
  intadd_1/U7/CO (FADDX1_RVT)              0.09       4.39 r
  intadd_1/U6/CO (FADDX1_RVT)              0.09       4.48 r
  intadd_1/U5/CO (FADDX1_RVT)              0.09       4.57 r
  intadd_1/U4/CO (FADDX1_RVT)              0.09       4.66 r
  intadd_1/U3/CO (FADDX1_RVT)              0.09       4.75 r
  intadd_1/U2/CO (FADDX1_RVT)              0.08       4.83 r
  U173/Y (INVX0_RVT)                       0.04       4.86 f
  intadd_13/U7/CO (FADDX1_RVT)             0.09       4.95 f
  intadd_13/U6/CO (FADDX1_RVT)             0.08       5.03 f
  intadd_13/U5/CO (FADDX1_RVT)             0.08       5.11 f
  intadd_13/U4/CO (FADDX1_RVT)             0.08       5.19 f
  intadd_13/U3/CO (FADDX1_RVT)             0.08       5.27 f
  intadd_13/U2/CO (FADDX1_RVT)             0.07       5.34 f
  U112/Y (INVX0_RVT)                       0.03       5.38 r
  U1969/CO (FADDX1_RVT)                    0.11       5.48 r
  intadd_0/U12/CO (FADDX1_RVT)             0.10       5.58 r
  intadd_0/U11/CO (FADDX1_RVT)             0.09       5.67 r
  intadd_0/U10/CO (FADDX1_RVT)             0.09       5.76 r
  intadd_0/U9/CO (FADDX1_RVT)              0.09       5.85 r
  intadd_0/U8/CO (FADDX1_RVT)              0.09       5.94 r
  intadd_0/U7/CO (FADDX1_RVT)              0.09       6.02 r
  intadd_0/U6/CO (FADDX1_RVT)              0.09       6.11 r
  intadd_0/U5/CO (FADDX1_RVT)              0.09       6.20 r
  intadd_0/U4/CO (FADDX1_RVT)              0.09       6.29 r
  intadd_0/U3/CO (FADDX1_RVT)              0.09       6.37 r
  intadd_0/U2/CO (FADDX1_RVT)              0.08       6.46 r
  U1967/Y (INVX0_RVT)                      0.04       6.49 f
  U1968/CO (FADDX1_RVT)                    0.09       6.58 f
  intadd_14/U2/CO (FADDX1_RVT)             0.08       6.67 f
  U171/Y (INVX0_RVT)                       0.03       6.70 r
  intadd_11/U7/CO (FADDX1_RVT)             0.10       6.80 r
  intadd_11/U6/CO (FADDX1_RVT)             0.09       6.89 r
  intadd_11/U5/CO (FADDX1_RVT)             0.09       6.98 r
  intadd_11/U4/CO (FADDX1_RVT)             0.09       7.06 r
  intadd_11/U3/CO (FADDX1_RVT)             0.09       7.15 r
  intadd_11/U2/CO (FADDX1_RVT)             0.08       7.23 r
  U170/Y (INVX0_RVT)                       0.04       7.27 f
  intadd_31/U3/S (FADDX1_RVT)              0.12       7.39 r
  P_reg[60]/D (DFFARX1_RVT)                0.01       7.40 r
  data arrival time                                   7.40

  clock clk (rise edge)                   10.00      10.00
  clock network delay (ideal)              0.00      10.00
  P_reg[60]/CLK (DFFARX1_RVT)              0.00      10.00 r
  library setup time                      -0.05       9.95
  data required time                                  9.95
  -----------------------------------------------------------
  data required time                                  9.95
  data arrival time                                  -7.40
  -----------------------------------------------------------
  slack (MET)                                         2.55


  Startpoint: A[2] (input port clocked by clk)
  Endpoint: P_reg[59] (rising edge-triggered flip-flop clocked by clk)
  Path Group: clk
  Path Type: max

  Des/Clust/Port     Wire Load Model       Library
  ------------------------------------------------
  comb_multiplier    8000                  saed32rvt_tt1p05v25c

  Point                                    Incr       Path
  -----------------------------------------------------------
  clock clk (rise edge)                    0.00       0.00
  clock network delay (ideal)              0.00       0.00
  input external delay                     1.00       1.00 f
  A[2] (in)                                0.00       1.00 f
  U77/Y (INVX0_RVT)                        0.26       1.26 r
  U222/Y (NBUFFX2_RVT)                     0.09       1.35 r
  U223/Y (NBUFFX2_RVT)                     0.08       1.44 r
  U1803/Y (AO22X1_RVT)                     0.06       1.50 r
  U1804/Y (NAND2X0_RVT)                    0.13       1.63 f
  U1805/Y (NBUFFX2_RVT)                    0.14       1.77 f
  U1877/Y (OA222X1_RVT)                    0.11       1.88 f
  U1878/Y (NAND2X0_RVT)                    0.05       1.93 r
  U1879/Y (OA21X1_RVT)                     0.06       1.99 r
  U1881/SO (HADDX1_RVT)                    0.10       2.09 f
  U1883/Y (NAND2X0_RVT)                    0.04       2.13 r
  U1884/Y (OA21X1_RVT)                     0.06       2.19 r
  intadd_1/U31/CO (FADDX1_RVT)             0.10       2.29 r
  intadd_1/U30/CO (FADDX1_RVT)             0.09       2.38 r
  intadd_1/U29/CO (FADDX1_RVT)             0.09       2.46 r
  intadd_1/U28/CO (FADDX1_RVT)             0.09       2.55 r
  intadd_1/U27/CO (FADDX1_RVT)             0.09       2.64 r
  intadd_1/U26/CO (FADDX1_RVT)             0.09       2.73 r
  intadd_1/U25/CO (FADDX1_RVT)             0.09       2.81 r
  intadd_1/U24/CO (FADDX1_RVT)             0.09       2.90 r
  intadd_1/U23/CO (FADDX1_RVT)             0.09       2.99 r
  intadd_1/U22/CO (FADDX1_RVT)             0.09       3.08 r
  intadd_1/U21/CO (FADDX1_RVT)             0.09       3.17 r
  intadd_1/U20/CO (FADDX1_RVT)             0.09       3.25 r
  intadd_1/U19/CO (FADDX1_RVT)             0.09       3.34 r
  intadd_1/U18/CO (FADDX1_RVT)             0.09       3.43 r
  intadd_1/U17/CO (FADDX1_RVT)             0.09       3.52 r
  intadd_1/U16/CO (FADDX1_RVT)             0.09       3.60 r
  intadd_1/U15/CO (FADDX1_RVT)             0.09       3.69 r
  intadd_1/U14/CO (FADDX1_RVT)             0.09       3.78 r
  intadd_1/U13/CO (FADDX1_RVT)             0.09       3.87 r
  intadd_1/U12/CO (FADDX1_RVT)             0.09       3.96 r
  intadd_1/U11/CO (FADDX1_RVT)             0.09       4.04 r
  intadd_1/U10/CO (FADDX1_RVT)             0.09       4.13 r
  intadd_1/U9/CO (FADDX1_RVT)              0.09       4.22 r
  intadd_1/U8/CO (FADDX1_RVT)              0.09       4.31 r
  intadd_1/U7/CO (FADDX1_RVT)              0.09       4.39 r
  intadd_1/U6/CO (FADDX1_RVT)              0.09       4.48 r
  intadd_1/U5/CO (FADDX1_RVT)              0.09       4.57 r
  intadd_1/U4/CO (FADDX1_RVT)              0.09       4.66 r
  intadd_1/U3/CO (FADDX1_RVT)              0.09       4.75 r
  intadd_1/U2/CO (FADDX1_RVT)              0.08       4.83 r
  U173/Y (INVX0_RVT)                       0.04       4.86 f
  intadd_13/U7/CO (FADDX1_RVT)             0.09       4.95 f
  intadd_13/U6/CO (FADDX1_RVT)             0.08       5.03 f
  intadd_13/U5/CO (FADDX1_RVT)             0.08       5.11 f
  intadd_13/U4/CO (FADDX1_RVT)             0.08       5.19 f
  intadd_13/U3/CO (FADDX1_RVT)             0.08       5.27 f
  intadd_13/U2/CO (FADDX1_RVT)             0.07       5.34 f
  U112/Y (INVX0_RVT)                       0.03       5.38 r
  U1969/CO (FADDX1_RVT)                    0.11       5.48 r
  intadd_0/U12/CO (FADDX1_RVT)             0.10       5.58 r
  intadd_0/U11/CO (FADDX1_RVT)             0.09       5.67 r
  intadd_0/U10/CO (FADDX1_RVT)             0.09       5.76 r
  intadd_0/U9/CO (FADDX1_RVT)              0.09       5.85 r
  intadd_0/U8/CO (FADDX1_RVT)              0.09       5.94 r
  intadd_0/U7/CO (FADDX1_RVT)              0.09       6.02 r
  intadd_0/U6/CO (FADDX1_RVT)              0.09       6.11 r
  intadd_0/U5/CO (FADDX1_RVT)              0.09       6.20 r
  intadd_0/U4/CO (FADDX1_RVT)              0.09       6.29 r
  intadd_0/U3/CO (FADDX1_RVT)              0.09       6.37 r
  intadd_0/U2/CO (FADDX1_RVT)              0.08       6.46 r
  U1967/Y (INVX0_RVT)                      0.04       6.49 f
  U1968/CO (FADDX1_RVT)                    0.09       6.58 f
  intadd_14/U2/CO (FADDX1_RVT)             0.08       6.67 f
  U171/Y (INVX0_RVT)                       0.03       6.70 r
  intadd_11/U7/CO (FADDX1_RVT)             0.10       6.80 r
  intadd_11/U6/CO (FADDX1_RVT)             0.09       6.89 r
  intadd_11/U5/CO (FADDX1_RVT)             0.09       6.98 r
  intadd_11/U4/CO (FADDX1_RVT)             0.09       7.06 r
  intadd_11/U3/CO (FADDX1_RVT)             0.09       7.15 r
  intadd_11/U2/S (FADDX1_RVT)              0.11       7.26 f
  U169/Y (INVX0_RVT)                       0.03       7.29 r
  P_reg[59]/D (DFFARX1_RVT)                0.01       7.30 r
  data arrival time                                   7.30

  clock clk (rise edge)                   10.00      10.00
  clock network delay (ideal)              0.00      10.00
  P_reg[59]/CLK (DFFARX1_RVT)              0.00      10.00 r
  library setup time                      -0.05       9.95
  data required time                                  9.95
  -----------------------------------------------------------
  data required time                                  9.95
  data arrival time                                  -7.30
  -----------------------------------------------------------
  slack (MET)                                         2.65


  Startpoint: A[2] (input port clocked by clk)
  Endpoint: P_reg[58] (rising edge-triggered flip-flop clocked by clk)
  Path Group: clk
  Path Type: max

  Des/Clust/Port     Wire Load Model       Library
  ------------------------------------------------
  comb_multiplier    8000                  saed32rvt_tt1p05v25c

  Point                                    Incr       Path
  -----------------------------------------------------------
  clock clk (rise edge)                    0.00       0.00
  clock network delay (ideal)              0.00       0.00
  input external delay                     1.00       1.00 f
  A[2] (in)                                0.00       1.00 f
  U77/Y (INVX0_RVT)                        0.26       1.26 r
  U222/Y (NBUFFX2_RVT)                     0.09       1.35 r
  U223/Y (NBUFFX2_RVT)                     0.08       1.44 r
  U1803/Y (AO22X1_RVT)                     0.06       1.50 r
  U1804/Y (NAND2X0_RVT)                    0.13       1.63 f
  U1805/Y (NBUFFX2_RVT)                    0.14       1.77 f
  U1877/Y (OA222X1_RVT)                    0.11       1.88 f
  U1878/Y (NAND2X0_RVT)                    0.05       1.93 r
  U1879/Y (OA21X1_RVT)                     0.06       1.99 r
  U1881/SO (HADDX1_RVT)                    0.10       2.09 f
  U1883/Y (NAND2X0_RVT)                    0.04       2.13 r
  U1884/Y (OA21X1_RVT)                     0.06       2.19 r
  intadd_1/U31/CO (FADDX1_RVT)             0.10       2.29 r
  intadd_1/U30/CO (FADDX1_RVT)             0.09       2.38 r
  intadd_1/U29/CO (FADDX1_RVT)             0.09       2.46 r
  intadd_1/U28/CO (FADDX1_RVT)             0.09       2.55 r
  intadd_1/U27/CO (FADDX1_RVT)             0.09       2.64 r
  intadd_1/U26/CO (FADDX1_RVT)             0.09       2.73 r
  intadd_1/U25/CO (FADDX1_RVT)             0.09       2.81 r
  intadd_1/U24/CO (FADDX1_RVT)             0.09       2.90 r
  intadd_1/U23/CO (FADDX1_RVT)             0.09       2.99 r
  intadd_1/U22/CO (FADDX1_RVT)             0.09       3.08 r
  intadd_1/U21/CO (FADDX1_RVT)             0.09       3.17 r
  intadd_1/U20/CO (FADDX1_RVT)             0.09       3.25 r
  intadd_1/U19/CO (FADDX1_RVT)             0.09       3.34 r
  intadd_1/U18/CO (FADDX1_RVT)             0.09       3.43 r
  intadd_1/U17/CO (FADDX1_RVT)             0.09       3.52 r
  intadd_1/U16/CO (FADDX1_RVT)             0.09       3.60 r
  intadd_1/U15/CO (FADDX1_RVT)             0.09       3.69 r
  intadd_1/U14/CO (FADDX1_RVT)             0.09       3.78 r
  intadd_1/U13/CO (FADDX1_RVT)             0.09       3.87 r
  intadd_1/U12/CO (FADDX1_RVT)             0.09       3.96 r
  intadd_1/U11/CO (FADDX1_RVT)             0.09       4.04 r
  intadd_1/U10/CO (FADDX1_RVT)             0.09       4.13 r
  intadd_1/U9/CO (FADDX1_RVT)              0.09       4.22 r
  intadd_1/U8/CO (FADDX1_RVT)              0.09       4.31 r
  intadd_1/U7/CO (FADDX1_RVT)              0.09       4.39 r
  intadd_1/U6/CO (FADDX1_RVT)              0.09       4.48 r
  intadd_1/U5/CO (FADDX1_RVT)              0.09       4.57 r
  intadd_1/U4/CO (FADDX1_RVT)              0.09       4.66 r
  intadd_1/U3/CO (FADDX1_RVT)              0.09       4.75 r
  intadd_1/U2/CO (FADDX1_RVT)              0.08       4.83 r
  U173/Y (INVX0_RVT)                       0.04       4.86 f
  intadd_13/U7/CO (FADDX1_RVT)             0.09       4.95 f
  intadd_13/U6/CO (FADDX1_RVT)             0.08       5.03 f
  intadd_13/U5/CO (FADDX1_RVT)             0.08       5.11 f
  intadd_13/U4/CO (FADDX1_RVT)             0.08       5.19 f
  intadd_13/U3/CO (FADDX1_RVT)             0.08       5.27 f
  intadd_13/U2/CO (FADDX1_RVT)             0.07       5.34 f
  U112/Y (INVX0_RVT)                       0.03       5.38 r
  U1969/CO (FADDX1_RVT)                    0.11       5.48 r
  intadd_0/U12/CO (FADDX1_RVT)             0.10       5.58 r
  intadd_0/U11/CO (FADDX1_RVT)             0.09       5.67 r
  intadd_0/U10/CO (FADDX1_RVT)             0.09       5.76 r
  intadd_0/U9/CO (FADDX1_RVT)              0.09       5.85 r
  intadd_0/U8/CO (FADDX1_RVT)              0.09       5.94 r
  intadd_0/U7/CO (FADDX1_RVT)              0.09       6.02 r
  intadd_0/U6/CO (FADDX1_RVT)              0.09       6.11 r
  intadd_0/U5/CO (FADDX1_RVT)              0.09       6.20 r
  intadd_0/U4/CO (FADDX1_RVT)              0.09       6.29 r
  intadd_0/U3/CO (FADDX1_RVT)              0.09       6.37 r
  intadd_0/U2/CO (FADDX1_RVT)              0.08       6.46 r
  U1967/Y (INVX0_RVT)                      0.04       6.49 f
  U1968/CO (FADDX1_RVT)                    0.09       6.58 f
  intadd_14/U2/CO (FADDX1_RVT)             0.08       6.67 f
  U171/Y (INVX0_RVT)                       0.03       6.70 r
  intadd_11/U7/CO (FADDX1_RVT)             0.10       6.80 r
  intadd_11/U6/CO (FADDX1_RVT)             0.09       6.89 r
  intadd_11/U5/CO (FADDX1_RVT)             0.09       6.98 r
  intadd_11/U4/CO (FADDX1_RVT)             0.09       7.06 r
  intadd_11/U3/S (FADDX1_RVT)              0.11       7.18 f
  U168/Y (INVX0_RVT)                       0.03       7.20 r
  P_reg[58]/D (DFFARX1_RVT)                0.01       7.22 r
  data arrival time                                   7.22

  clock clk (rise edge)                   10.00      10.00
  clock network delay (ideal)              0.00      10.00
  P_reg[58]/CLK (DFFARX1_RVT)              0.00      10.00 r
  library setup time                      -0.05       9.95
  data required time                                  9.95
  -----------------------------------------------------------
  data required time                                  9.95
  data arrival time                                  -7.22
  -----------------------------------------------------------
  slack (MET)                                         2.74


  Startpoint: A[2] (input port clocked by clk)
  Endpoint: P_reg[57] (rising edge-triggered flip-flop clocked by clk)
  Path Group: clk
  Path Type: max

  Des/Clust/Port     Wire Load Model       Library
  ------------------------------------------------
  comb_multiplier    8000                  saed32rvt_tt1p05v25c

  Point                                    Incr       Path
  -----------------------------------------------------------
  clock clk (rise edge)                    0.00       0.00
  clock network delay (ideal)              0.00       0.00
  input external delay                     1.00       1.00 f
  A[2] (in)                                0.00       1.00 f
  U77/Y (INVX0_RVT)                        0.26       1.26 r
  U222/Y (NBUFFX2_RVT)                     0.09       1.35 r
  U223/Y (NBUFFX2_RVT)                     0.08       1.44 r
  U1803/Y (AO22X1_RVT)                     0.06       1.50 r
  U1804/Y (NAND2X0_RVT)                    0.13       1.63 f
  U1805/Y (NBUFFX2_RVT)                    0.14       1.77 f
  U1877/Y (OA222X1_RVT)                    0.11       1.88 f
  U1878/Y (NAND2X0_RVT)                    0.05       1.93 r
  U1879/Y (OA21X1_RVT)                     0.06       1.99 r
  U1881/SO (HADDX1_RVT)                    0.10       2.09 f
  U1883/Y (NAND2X0_RVT)                    0.04       2.13 r
  U1884/Y (OA21X1_RVT)                     0.06       2.19 r
  intadd_1/U31/CO (FADDX1_RVT)             0.10       2.29 r
  intadd_1/U30/CO (FADDX1_RVT)             0.09       2.38 r
  intadd_1/U29/CO (FADDX1_RVT)             0.09       2.46 r
  intadd_1/U28/CO (FADDX1_RVT)             0.09       2.55 r
  intadd_1/U27/CO (FADDX1_RVT)             0.09       2.64 r
  intadd_1/U26/CO (FADDX1_RVT)             0.09       2.73 r
  intadd_1/U25/CO (FADDX1_RVT)             0.09       2.81 r
  intadd_1/U24/CO (FADDX1_RVT)             0.09       2.90 r
  intadd_1/U23/CO (FADDX1_RVT)             0.09       2.99 r
  intadd_1/U22/CO (FADDX1_RVT)             0.09       3.08 r
  intadd_1/U21/CO (FADDX1_RVT)             0.09       3.17 r
  intadd_1/U20/CO (FADDX1_RVT)             0.09       3.25 r
  intadd_1/U19/CO (FADDX1_RVT)             0.09       3.34 r
  intadd_1/U18/CO (FADDX1_RVT)             0.09       3.43 r
  intadd_1/U17/CO (FADDX1_RVT)             0.09       3.52 r
  intadd_1/U16/CO (FADDX1_RVT)             0.09       3.60 r
  intadd_1/U15/CO (FADDX1_RVT)             0.09       3.69 r
  intadd_1/U14/CO (FADDX1_RVT)             0.09       3.78 r
  intadd_1/U13/CO (FADDX1_RVT)             0.09       3.87 r
  intadd_1/U12/CO (FADDX1_RVT)             0.09       3.96 r
  intadd_1/U11/CO (FADDX1_RVT)             0.09       4.04 r
  intadd_1/U10/CO (FADDX1_RVT)             0.09       4.13 r
  intadd_1/U9/CO (FADDX1_RVT)              0.09       4.22 r
  intadd_1/U8/CO (FADDX1_RVT)              0.09       4.31 r
  intadd_1/U7/CO (FADDX1_RVT)              0.09       4.39 r
  intadd_1/U6/CO (FADDX1_RVT)              0.09       4.48 r
  intadd_1/U5/CO (FADDX1_RVT)              0.09       4.57 r
  intadd_1/U4/CO (FADDX1_RVT)              0.09       4.66 r
  intadd_1/U3/CO (FADDX1_RVT)              0.09       4.75 r
  intadd_1/U2/CO (FADDX1_RVT)              0.08       4.83 r
  U173/Y (INVX0_RVT)                       0.04       4.86 f
  intadd_13/U7/CO (FADDX1_RVT)             0.09       4.95 f
  intadd_13/U6/CO (FADDX1_RVT)             0.08       5.03 f
  intadd_13/U5/CO (FADDX1_RVT)             0.08       5.11 f
  intadd_13/U4/CO (FADDX1_RVT)             0.08       5.19 f
  intadd_13/U3/CO (FADDX1_RVT)             0.08       5.27 f
  intadd_13/U2/CO (FADDX1_RVT)             0.07       5.34 f
  U112/Y (INVX0_RVT)                       0.03       5.38 r
  U1969/CO (FADDX1_RVT)                    0.11       5.48 r
  intadd_0/U12/CO (FADDX1_RVT)             0.10       5.58 r
  intadd_0/U11/CO (FADDX1_RVT)             0.09       5.67 r
  intadd_0/U10/CO (FADDX1_RVT)             0.09       5.76 r
  intadd_0/U9/CO (FADDX1_RVT)              0.09       5.85 r
  intadd_0/U8/CO (FADDX1_RVT)              0.09       5.94 r
  intadd_0/U7/CO (FADDX1_RVT)              0.09       6.02 r
  intadd_0/U6/CO (FADDX1_RVT)              0.09       6.11 r
  intadd_0/U5/CO (FADDX1_RVT)              0.09       6.20 r
  intadd_0/U4/CO (FADDX1_RVT)              0.09       6.29 r
  intadd_0/U3/CO (FADDX1_RVT)              0.09       6.37 r
  intadd_0/U2/CO (FADDX1_RVT)              0.08       6.46 r
  U1967/Y (INVX0_RVT)                      0.04       6.49 f
  U1968/CO (FADDX1_RVT)                    0.09       6.58 f
  intadd_14/U2/CO (FADDX1_RVT)             0.08       6.67 f
  U171/Y (INVX0_RVT)                       0.03       6.70 r
  intadd_11/U7/CO (FADDX1_RVT)             0.10       6.80 r
  intadd_11/U6/CO (FADDX1_RVT)             0.09       6.89 r
  intadd_11/U5/CO (FADDX1_RVT)             0.09       6.98 r
  intadd_11/U4/S (FADDX1_RVT)              0.11       7.09 f
  U167/Y (INVX0_RVT)                       0.03       7.12 r
  P_reg[57]/D (DFFARX1_RVT)                0.01       7.13 r
  data arrival time                                   7.13

  clock clk (rise edge)                   10.00      10.00
  clock network delay (ideal)              0.00      10.00
  P_reg[57]/CLK (DFFARX1_RVT)              0.00      10.00 r
  library setup time                      -0.05       9.95
  data required time                                  9.95
  -----------------------------------------------------------
  data required time                                  9.95
  data arrival time                                  -7.13
  -----------------------------------------------------------
  slack (MET)                                         2.82


  Startpoint: A[2] (input port clocked by clk)
  Endpoint: P_reg[56] (rising edge-triggered flip-flop clocked by clk)
  Path Group: clk
  Path Type: max

  Des/Clust/Port     Wire Load Model       Library
  ------------------------------------------------
  comb_multiplier    8000                  saed32rvt_tt1p05v25c

  Point                                    Incr       Path
  -----------------------------------------------------------
  clock clk (rise edge)                    0.00       0.00
  clock network delay (ideal)              0.00       0.00
  input external delay                     1.00       1.00 f
  A[2] (in)                                0.00       1.00 f
  U77/Y (INVX0_RVT)                        0.26       1.26 r
  U222/Y (NBUFFX2_RVT)                     0.09       1.35 r
  U223/Y (NBUFFX2_RVT)                     0.08       1.44 r
  U1803/Y (AO22X1_RVT)                     0.06       1.50 r
  U1804/Y (NAND2X0_RVT)                    0.13       1.63 f
  U1805/Y (NBUFFX2_RVT)                    0.14       1.77 f
  U1877/Y (OA222X1_RVT)                    0.11       1.88 f
  U1878/Y (NAND2X0_RVT)                    0.05       1.93 r
  U1879/Y (OA21X1_RVT)                     0.06       1.99 r
  U1881/SO (HADDX1_RVT)                    0.10       2.09 f
  U1883/Y (NAND2X0_RVT)                    0.04       2.13 r
  U1884/Y (OA21X1_RVT)                     0.06       2.19 r
  intadd_1/U31/CO (FADDX1_RVT)             0.10       2.29 r
  intadd_1/U30/CO (FADDX1_RVT)             0.09       2.38 r
  intadd_1/U29/CO (FADDX1_RVT)             0.09       2.46 r
  intadd_1/U28/CO (FADDX1_RVT)             0.09       2.55 r
  intadd_1/U27/CO (FADDX1_RVT)             0.09       2.64 r
  intadd_1/U26/CO (FADDX1_RVT)             0.09       2.73 r
  intadd_1/U25/CO (FADDX1_RVT)             0.09       2.81 r
  intadd_1/U24/CO (FADDX1_RVT)             0.09       2.90 r
  intadd_1/U23/CO (FADDX1_RVT)             0.09       2.99 r
  intadd_1/U22/CO (FADDX1_RVT)             0.09       3.08 r
  intadd_1/U21/CO (FADDX1_RVT)             0.09       3.17 r
  intadd_1/U20/CO (FADDX1_RVT)             0.09       3.25 r
  intadd_1/U19/CO (FADDX1_RVT)             0.09       3.34 r
  intadd_1/U18/CO (FADDX1_RVT)             0.09       3.43 r
  intadd_1/U17/CO (FADDX1_RVT)             0.09       3.52 r
  intadd_1/U16/CO (FADDX1_RVT)             0.09       3.60 r
  intadd_1/U15/CO (FADDX1_RVT)             0.09       3.69 r
  intadd_1/U14/CO (FADDX1_RVT)             0.09       3.78 r
  intadd_1/U13/CO (FADDX1_RVT)             0.09       3.87 r
  intadd_1/U12/CO (FADDX1_RVT)             0.09       3.96 r
  intadd_1/U11/CO (FADDX1_RVT)             0.09       4.04 r
  intadd_1/U10/CO (FADDX1_RVT)             0.09       4.13 r
  intadd_1/U9/CO (FADDX1_RVT)              0.09       4.22 r
  intadd_1/U8/CO (FADDX1_RVT)              0.09       4.31 r
  intadd_1/U7/CO (FADDX1_RVT)              0.09       4.39 r
  intadd_1/U6/CO (FADDX1_RVT)              0.09       4.48 r
  intadd_1/U5/CO (FADDX1_RVT)              0.09       4.57 r
  intadd_1/U4/CO (FADDX1_RVT)              0.09       4.66 r
  intadd_1/U3/CO (FADDX1_RVT)              0.09       4.75 r
  intadd_1/U2/CO (FADDX1_RVT)              0.08       4.83 r
  U173/Y (INVX0_RVT)                       0.04       4.86 f
  intadd_13/U7/CO (FADDX1_RVT)             0.09       4.95 f
  intadd_13/U6/CO (FADDX1_RVT)             0.08       5.03 f
  intadd_13/U5/CO (FADDX1_RVT)             0.08       5.11 f
  intadd_13/U4/CO (FADDX1_RVT)             0.08       5.19 f
  intadd_13/U3/CO (FADDX1_RVT)             0.08       5.27 f
  intadd_13/U2/CO (FADDX1_RVT)             0.07       5.34 f
  U112/Y (INVX0_RVT)                       0.03       5.38 r
  U1969/CO (FADDX1_RVT)                    0.11       5.48 r
  intadd_0/U12/CO (FADDX1_RVT)             0.10       5.58 r
  intadd_0/U11/CO (FADDX1_RVT)             0.09       5.67 r
  intadd_0/U10/CO (FADDX1_RVT)             0.09       5.76 r
  intadd_0/U9/CO (FADDX1_RVT)              0.09       5.85 r
  intadd_0/U8/CO (FADDX1_RVT)              0.09       5.94 r
  intadd_0/U7/CO (FADDX1_RVT)              0.09       6.02 r
  intadd_0/U6/CO (FADDX1_RVT)              0.09       6.11 r
  intadd_0/U5/CO (FADDX1_RVT)              0.09       6.20 r
  intadd_0/U4/CO (FADDX1_RVT)              0.09       6.29 r
  intadd_0/U3/CO (FADDX1_RVT)              0.09       6.37 r
  intadd_0/U2/CO (FADDX1_RVT)              0.08       6.46 r
  U1967/Y (INVX0_RVT)                      0.04       6.49 f
  U1968/CO (FADDX1_RVT)                    0.09       6.58 f
  intadd_14/U2/CO (FADDX1_RVT)             0.08       6.67 f
  U171/Y (INVX0_RVT)                       0.03       6.70 r
  intadd_11/U7/CO (FADDX1_RVT)             0.10       6.80 r
  intadd_11/U6/CO (FADDX1_RVT)             0.09       6.89 r
  intadd_11/U5/S (FADDX1_RVT)              0.11       7.00 f
  U166/Y (INVX0_RVT)                       0.03       7.03 r
  P_reg[56]/D (DFFARX1_RVT)                0.01       7.04 r
  data arrival time                                   7.04

  clock clk (rise edge)                   10.00      10.00
  clock network delay (ideal)              0.00      10.00
  P_reg[56]/CLK (DFFARX1_RVT)              0.00      10.00 r
  library setup time                      -0.05       9.95
  data required time                                  9.95
  -----------------------------------------------------------
  data required time                                  9.95
  data arrival time                                  -7.04
  -----------------------------------------------------------
  slack (MET)                                         2.91


  Startpoint: A[2] (input port clocked by clk)
  Endpoint: P_reg[55] (rising edge-triggered flip-flop clocked by clk)
  Path Group: clk
  Path Type: max

  Des/Clust/Port     Wire Load Model       Library
  ------------------------------------------------
  comb_multiplier    8000                  saed32rvt_tt1p05v25c

  Point                                    Incr       Path
  -----------------------------------------------------------
  clock clk (rise edge)                    0.00       0.00
  clock network delay (ideal)              0.00       0.00
  input external delay                     1.00       1.00 f
  A[2] (in)                                0.00       1.00 f
  U77/Y (INVX0_RVT)                        0.26       1.26 r
  U222/Y (NBUFFX2_RVT)                     0.09       1.35 r
  U223/Y (NBUFFX2_RVT)                     0.08       1.44 r
  U1803/Y (AO22X1_RVT)                     0.06       1.50 r
  U1804/Y (NAND2X0_RVT)                    0.13       1.63 f
  U1805/Y (NBUFFX2_RVT)                    0.14       1.77 f
  U1877/Y (OA222X1_RVT)                    0.11       1.88 f
  U1878/Y (NAND2X0_RVT)                    0.05       1.93 r
  U1879/Y (OA21X1_RVT)                     0.06       1.99 r
  U1881/SO (HADDX1_RVT)                    0.10       2.09 f
  U1883/Y (NAND2X0_RVT)                    0.04       2.13 r
  U1884/Y (OA21X1_RVT)                     0.06       2.19 r
  intadd_1/U31/CO (FADDX1_RVT)             0.10       2.29 r
  intadd_1/U30/CO (FADDX1_RVT)             0.09       2.38 r
  intadd_1/U29/CO (FADDX1_RVT)             0.09       2.46 r
  intadd_1/U28/CO (FADDX1_RVT)             0.09       2.55 r
  intadd_1/U27/CO (FADDX1_RVT)             0.09       2.64 r
  intadd_1/U26/CO (FADDX1_RVT)             0.09       2.73 r
  intadd_1/U25/CO (FADDX1_RVT)             0.09       2.81 r
  intadd_1/U24/CO (FADDX1_RVT)             0.09       2.90 r
  intadd_1/U23/CO (FADDX1_RVT)             0.09       2.99 r
  intadd_1/U22/CO (FADDX1_RVT)             0.09       3.08 r
  intadd_1/U21/CO (FADDX1_RVT)             0.09       3.17 r
  intadd_1/U20/CO (FADDX1_RVT)             0.09       3.25 r
  intadd_1/U19/CO (FADDX1_RVT)             0.09       3.34 r
  intadd_1/U18/CO (FADDX1_RVT)             0.09       3.43 r
  intadd_1/U17/CO (FADDX1_RVT)             0.09       3.52 r
  intadd_1/U16/CO (FADDX1_RVT)             0.09       3.60 r
  intadd_1/U15/CO (FADDX1_RVT)             0.09       3.69 r
  intadd_1/U14/CO (FADDX1_RVT)             0.09       3.78 r
  intadd_1/U13/CO (FADDX1_RVT)             0.09       3.87 r
  intadd_1/U12/CO (FADDX1_RVT)             0.09       3.96 r
  intadd_1/U11/CO (FADDX1_RVT)             0.09       4.04 r
  intadd_1/U10/CO (FADDX1_RVT)             0.09       4.13 r
  intadd_1/U9/CO (FADDX1_RVT)              0.09       4.22 r
  intadd_1/U8/CO (FADDX1_RVT)              0.09       4.31 r
  intadd_1/U7/CO (FADDX1_RVT)              0.09       4.39 r
  intadd_1/U6/CO (FADDX1_RVT)              0.09       4.48 r
  intadd_1/U5/CO (FADDX1_RVT)              0.09       4.57 r
  intadd_1/U4/CO (FADDX1_RVT)              0.09       4.66 r
  intadd_1/U3/CO (FADDX1_RVT)              0.09       4.75 r
  intadd_1/U2/CO (FADDX1_RVT)              0.08       4.83 r
  U173/Y (INVX0_RVT)                       0.04       4.86 f
  intadd_13/U7/CO (FADDX1_RVT)             0.09       4.95 f
  intadd_13/U6/CO (FADDX1_RVT)             0.08       5.03 f
  intadd_13/U5/CO (FADDX1_RVT)             0.08       5.11 f
  intadd_13/U4/CO (FADDX1_RVT)             0.08       5.19 f
  intadd_13/U3/CO (FADDX1_RVT)             0.08       5.27 f
  intadd_13/U2/CO (FADDX1_RVT)             0.07       5.34 f
  U112/Y (INVX0_RVT)                       0.03       5.38 r
  U1969/CO (FADDX1_RVT)                    0.11       5.48 r
  intadd_0/U12/CO (FADDX1_RVT)             0.10       5.58 r
  intadd_0/U11/CO (FADDX1_RVT)             0.09       5.67 r
  intadd_0/U10/CO (FADDX1_RVT)             0.09       5.76 r
  intadd_0/U9/CO (FADDX1_RVT)              0.09       5.85 r
  intadd_0/U8/CO (FADDX1_RVT)              0.09       5.94 r
  intadd_0/U7/CO (FADDX1_RVT)              0.09       6.02 r
  intadd_0/U6/CO (FADDX1_RVT)              0.09       6.11 r
  intadd_0/U5/CO (FADDX1_RVT)              0.09       6.20 r
  intadd_0/U4/CO (FADDX1_RVT)              0.09       6.29 r
  intadd_0/U3/CO (FADDX1_RVT)              0.09       6.37 r
  intadd_0/U2/CO (FADDX1_RVT)              0.08       6.46 r
  U1967/Y (INVX0_RVT)                      0.04       6.49 f
  U1968/CO (FADDX1_RVT)                    0.09       6.58 f
  intadd_14/U2/CO (FADDX1_RVT)             0.08       6.67 f
  U171/Y (INVX0_RVT)                       0.03       6.70 r
  intadd_11/U7/CO (FADDX1_RVT)             0.10       6.80 r
  intadd_11/U6/S (FADDX1_RVT)              0.11       6.91 f
  U165/Y (INVX0_RVT)                       0.03       6.94 r
  P_reg[55]/D (DFFARX1_RVT)                0.01       6.95 r
  data arrival time                                   6.95

  clock clk (rise edge)                   10.00      10.00
  clock network delay (ideal)              0.00      10.00
  P_reg[55]/CLK (DFFARX1_RVT)              0.00      10.00 r
  library setup time                      -0.05       9.95
  data required time                                  9.95
  -----------------------------------------------------------
  data required time                                  9.95
  data arrival time                                  -6.95
  -----------------------------------------------------------
  slack (MET)                                         3.00


  Startpoint: A[2] (input port clocked by clk)
  Endpoint: P_reg[54] (rising edge-triggered flip-flop clocked by clk)
  Path Group: clk
  Path Type: max

  Des/Clust/Port     Wire Load Model       Library
  ------------------------------------------------
  comb_multiplier    8000                  saed32rvt_tt1p05v25c

  Point                                    Incr       Path
  -----------------------------------------------------------
  clock clk (rise edge)                    0.00       0.00
  clock network delay (ideal)              0.00       0.00
  input external delay                     1.00       1.00 f
  A[2] (in)                                0.00       1.00 f
  U77/Y (INVX0_RVT)                        0.26       1.26 r
  U222/Y (NBUFFX2_RVT)                     0.09       1.35 r
  U223/Y (NBUFFX2_RVT)                     0.08       1.44 r
  U1803/Y (AO22X1_RVT)                     0.06       1.50 r
  U1804/Y (NAND2X0_RVT)                    0.13       1.63 f
  U1805/Y (NBUFFX2_RVT)                    0.14       1.77 f
  U1877/Y (OA222X1_RVT)                    0.11       1.88 f
  U1878/Y (NAND2X0_RVT)                    0.05       1.93 r
  U1879/Y (OA21X1_RVT)                     0.06       1.99 r
  U1881/SO (HADDX1_RVT)                    0.10       2.09 f
  U1883/Y (NAND2X0_RVT)                    0.04       2.13 r
  U1884/Y (OA21X1_RVT)                     0.06       2.19 r
  intadd_1/U31/CO (FADDX1_RVT)             0.10       2.29 r
  intadd_1/U30/CO (FADDX1_RVT)             0.09       2.38 r
  intadd_1/U29/CO (FADDX1_RVT)             0.09       2.46 r
  intadd_1/U28/CO (FADDX1_RVT)             0.09       2.55 r
  intadd_1/U27/CO (FADDX1_RVT)             0.09       2.64 r
  intadd_1/U26/CO (FADDX1_RVT)             0.09       2.73 r
  intadd_1/U25/CO (FADDX1_RVT)             0.09       2.81 r
  intadd_1/U24/CO (FADDX1_RVT)             0.09       2.90 r
  intadd_1/U23/CO (FADDX1_RVT)             0.09       2.99 r
  intadd_1/U22/CO (FADDX1_RVT)             0.09       3.08 r
  intadd_1/U21/CO (FADDX1_RVT)             0.09       3.17 r
  intadd_1/U20/CO (FADDX1_RVT)             0.09       3.25 r
  intadd_1/U19/CO (FADDX1_RVT)             0.09       3.34 r
  intadd_1/U18/CO (FADDX1_RVT)             0.09       3.43 r
  intadd_1/U17/CO (FADDX1_RVT)             0.09       3.52 r
  intadd_1/U16/CO (FADDX1_RVT)             0.09       3.60 r
  intadd_1/U15/CO (FADDX1_RVT)             0.09       3.69 r
  intadd_1/U14/CO (FADDX1_RVT)             0.09       3.78 r
  intadd_1/U13/CO (FADDX1_RVT)             0.09       3.87 r
  intadd_1/U12/CO (FADDX1_RVT)             0.09       3.96 r
  intadd_1/U11/CO (FADDX1_RVT)             0.09       4.04 r
  intadd_1/U10/CO (FADDX1_RVT)             0.09       4.13 r
  intadd_1/U9/CO (FADDX1_RVT)              0.09       4.22 r
  intadd_1/U8/CO (FADDX1_RVT)              0.09       4.31 r
  intadd_1/U7/CO (FADDX1_RVT)              0.09       4.39 r
  intadd_1/U6/CO (FADDX1_RVT)              0.09       4.48 r
  intadd_1/U5/CO (FADDX1_RVT)              0.09       4.57 r
  intadd_1/U4/CO (FADDX1_RVT)              0.09       4.66 r
  intadd_1/U3/CO (FADDX1_RVT)              0.09       4.75 r
  intadd_1/U2/CO (FADDX1_RVT)              0.08       4.83 r
  U173/Y (INVX0_RVT)                       0.04       4.86 f
  intadd_13/U7/CO (FADDX1_RVT)             0.09       4.95 f
  intadd_13/U6/CO (FADDX1_RVT)             0.08       5.03 f
  intadd_13/U5/CO (FADDX1_RVT)             0.08       5.11 f
  intadd_13/U4/CO (FADDX1_RVT)             0.08       5.19 f
  intadd_13/U3/CO (FADDX1_RVT)             0.08       5.27 f
  intadd_13/U2/CO (FADDX1_RVT)             0.07       5.34 f
  U112/Y (INVX0_RVT)                       0.03       5.38 r
  U1969/CO (FADDX1_RVT)                    0.11       5.48 r
  intadd_0/U12/CO (FADDX1_RVT)             0.10       5.58 r
  intadd_0/U11/CO (FADDX1_RVT)             0.09       5.67 r
  intadd_0/U10/CO (FADDX1_RVT)             0.09       5.76 r
  intadd_0/U9/CO (FADDX1_RVT)              0.09       5.85 r
  intadd_0/U8/CO (FADDX1_RVT)              0.09       5.94 r
  intadd_0/U7/CO (FADDX1_RVT)              0.09       6.02 r
  intadd_0/U6/CO (FADDX1_RVT)              0.09       6.11 r
  intadd_0/U5/CO (FADDX1_RVT)              0.09       6.20 r
  intadd_0/U4/CO (FADDX1_RVT)              0.09       6.29 r
  intadd_0/U3/CO (FADDX1_RVT)              0.09       6.37 r
  intadd_0/U2/CO (FADDX1_RVT)              0.08       6.46 r
  U1967/Y (INVX0_RVT)                      0.04       6.49 f
  U1968/CO (FADDX1_RVT)                    0.09       6.58 f
  intadd_14/U2/CO (FADDX1_RVT)             0.08       6.67 f
  U171/Y (INVX0_RVT)                       0.03       6.70 r
  intadd_11/U7/S (FADDX1_RVT)              0.12       6.83 f
  U164/Y (INVX0_RVT)                       0.03       6.85 r
  P_reg[54]/D (DFFARX1_RVT)                0.01       6.87 r
  data arrival time                                   6.87

  clock clk (rise edge)                   10.00      10.00
  clock network delay (ideal)              0.00      10.00
  P_reg[54]/CLK (DFFARX1_RVT)              0.00      10.00 r
  library setup time                      -0.05       9.95
  data required time                                  9.95
  -----------------------------------------------------------
  data required time                                  9.95
  data arrival time                                  -6.87
  -----------------------------------------------------------
  slack (MET)                                         3.09


1
