 
****************************************
Report : area
Design : seq_multiplier
Version: S-2021.06-SP2
Date   : Sat Jul 11 23:11:58 2026
****************************************

Information: Updating design information... (UID-85)
Library(s) Used:

    saed32rvt_tt1p05v25c (File: /pdk/SAED32_EDK/lib/stdcell_rvt/db_nldm/saed32rvt_tt1p05v25c.db)

Number of ports:                          132
Number of nets:                           623
Number of cells:                          518
Number of combinational cells:            349
Number of sequential cells:               169
Number of macros/black boxes:               0
Number of buf/inv:                         60
Number of references:                      20

Combinational area:                896.111755
Buf/Inv area:                       91.237698
Noncombinational area:            1202.609429
Macro/Black Box area:                0.000000
Net Interconnect area:             595.077127

Total cell area:                  2098.721184
Total area:                       2693.798312
1
